
-----
Test: tests/test_smoke.py::test_smoke_v1 (call)
Start time: 2024-04-26 12:15:52.061991
Start name method: login_page_actions

End time: 2024-04-26 12:15:54.131729
End name method: login_page_actions
URL: https://www.globalsqa.com/angularJs-protractor/BankingProject/#/customer

-----

-----
Test: tests/test_smoke.py::test_smoke_v1 (call)
Start time: 2024-04-26 12:15:54.131860
Start name method: select_user

End time: 2024-04-26 12:15:54.682454
End name method: select_user
URL: https://www.globalsqa.com/angularJs-protractor/BankingProject/#/account

-----

-----
Test: tests/test_smoke.py::test_smoke_v1 (call)
Start time: 2024-04-26 12:15:54.682588
Start name method: input_deposit_value

End time: 2024-04-26 12:15:55.281138
End name method: input_deposit_value
URL: https://www.globalsqa.com/angularJs-protractor/BankingProject/#/account

-----

-----
Test: tests/test_smoke.py::test_smoke_v1 (call)
Start time: 2024-04-26 12:15:55.281270
Start name method: input_withdrawal_value

End time: 2024-04-26 12:15:56.506989
End name method: input_withdrawal_value
URL: https://www.globalsqa.com/angularJs-protractor/BankingProject/#/account

-----

-----
Test: tests/test_smoke.py::test_smoke_v1 (call)
Start time: 2024-04-26 12:15:56.507152
Start name method: transaction_button

End time: 2024-04-26 12:15:57.958137
End name method: transaction_button
URL: https://www.globalsqa.com/angularJs-protractor/BankingProject/#/listTx

-----

-----
Test: tests/test_smoke.py::test_smoke_v1 (call)
Start time: 2024-04-26 12:15:57.958272
Start name method: finish_check

End time: 2024-04-26 12:15:58.177459
End name method: finish_check
URL: https://www.globalsqa.com/angularJs-protractor/BankingProject/#/listTx

-----
