
-----
Test: tests/test_smoke.py::test_smoke_v1 (call)
Start time: 2024-04-26 11:50:40.188306
Start name method: login_page_actions

End time: 2024-04-26 11:50:42.598023
End name method: login_page_actions
URL: https://www.globalsqa.com/angularJs-protractor/BankingProject/#/customer

-----

-----
Test: tests/test_smoke.py::test_smoke_v1 (call)
Start time: 2024-04-26 11:50:42.598217
Start name method: select_user

End time: 2024-04-26 11:50:43.154064
End name method: select_user
URL: https://www.globalsqa.com/angularJs-protractor/BankingProject/#/account

-----

-----
Test: tests/test_smoke.py::test_smoke_v1 (call)
Start time: 2024-04-26 11:50:43.154247
Start name method: input_deposit_value

End time: 2024-04-26 11:50:43.879909
End name method: input_deposit_value
URL: https://www.globalsqa.com/angularJs-protractor/BankingProject/#/account

-----

-----
Test: tests/test_smoke.py::test_smoke_v1 (call)
Start time: 2024-04-26 11:50:43.880071
Start name method: input_withdrawal_value

End time: 2024-04-26 11:50:45.223409
End name method: input_withdrawal_value
URL: https://www.globalsqa.com/angularJs-protractor/BankingProject/#/account

-----

-----
Test: tests/test_smoke.py::test_smoke_v1 (call)
Start time: 2024-04-26 11:50:45.223634
Start name method: transaction_button

End time: 2024-04-26 11:50:46.874339
End name method: transaction_button
URL: https://www.globalsqa.com/angularJs-protractor/BankingProject/#/listTx

-----

-----
Test: tests/test_smoke.py::test_smoke_v1 (call)
Start time: 2024-04-26 11:50:46.874517
Start name method: finish_check

End time: 2024-04-26 11:50:47.088131
End name method: finish_check
URL: https://www.globalsqa.com/angularJs-protractor/BankingProject/#/listTx

-----
